0 info it worked if it ends with ok
1 verbose cli [ 'C:\\Program Files\\nodejs\\node.exe',
1 verbose cli   'C:\\Users\\lsobol01\\AppData\\Roaming\\npm\\node_modules\\npm\\bin\\npm-cli.js',
1 verbose cli   'run',
1 verbose cli   'rollup' ]
2 info using npm@3.10.3
3 info using node@v6.10.0
4 verbose run-script [ 'prerollup', 'rollup', 'postrollup' ]
5 info lifecycle frs-bundle-default@1.0.0~prerollup: frs-bundle-default@1.0.0
6 silly lifecycle frs-bundle-default@1.0.0~prerollup: no script for prerollup, continuing
7 info lifecycle frs-bundle-default@1.0.0~rollup: frs-bundle-default@1.0.0
8 verbose lifecycle frs-bundle-default@1.0.0~rollup: unsafe-perm in lifecycle true
9 verbose lifecycle frs-bundle-default@1.0.0~rollup: PATH: C:\Users\lsobol01\AppData\Roaming\npm\node_modules\npm\bin\node-gyp-bin;C:\Projects\Private\WWCH\Task1\node_modules\.bin;C:\Program Files\nodejs;C:\Users\lsobol01\bin;C:\Program Files\Git\mingw64\bin;C:\Program Files\Git\usr\local\bin;C:\Program Files\Git\usr\bin;C:\Program Files\Git\usr\bin;C:\Program Files\Git\cmd;C:\Program Files\ConEmu\ConEmu\Scripts;C:\Program Files\ConEmu;C:\Program Files\ConEmu\ConEmu;C:\Program Files (x86)\Intel\iCLS Client;C:\Program Files\Intel\iCLS Client;C:\Windows\system32;C:\Windows;C:\Windows\System32\Wbem;C:\Windows\System32\WindowsPowerShell\v1.0;C:\Program Files\Intel\WiFi\bin;C:\Program Files\Common Files\Intel\WirelessCommon;C:\Program Files (x86)\NVIDIA Corporation\PhysX\Common;V:\PUB;C:\Program Files\Microsoft SQL Server\120\Tools\Binn;C:\Program Files\Microsoft SQL Server\130\Tools\Binn;C:\Users\lsobol01\.dnx\bin;C:\Program Files\Microsoft DNX\Dnvm;C:\Program Files (x86)\WinMerge;C:\Program Files\Git\cmd;C:\Program Files\TortoiseSVN\bin;C:\Program Files\Microsoft\Web Platform Installer;C:\Program Files (x86)\Microsoft SQL Server\100\Tools\Binn;C:\Program Files\Microsoft SQL Server\100\Tools\Binn;C:\Program Files\Microsoft SQL Server\100\DTS\Binn;C:\Program Files (x86)\Intel\Intel(R) Management Engine Components\DAL;C:\Program Files\Intel\Intel(R) Management Engine Components\DAL;C:\Program Files (x86)\Intel\Intel(R) Management Engine Components\IPT;C:\Program Files\Intel\Intel(R) Management Engine Components\IPT;C:\Program Files (x86)\Brackets\command;C:\Program Files\nodejs;C:\Ruby23-x64\bin;C:\Program Files (x86)\OpenVPN\bin;C:\Windows\Microsoft.NET\Framework\v4.0.30319;C:\Users\lsobol01\AppData\Roaming\npm;C:\Program Files\Git\usr\bin\vendor_perl;C:\Program Files\Git\usr\bin\core_perl
10 verbose lifecycle frs-bundle-default@1.0.0~rollup: CWD: C:\Projects\Private\WWCH\Task1
11 silly lifecycle frs-bundle-default@1.0.0~rollup: Args: [ '/d /s /c', 'rollup -c config/rollup.config.js' ]
12 silly lifecycle frs-bundle-default@1.0.0~rollup: Returned: code: 1  signal: null
13 info lifecycle frs-bundle-default@1.0.0~rollup: Failed to exec rollup script
14 verbose stack Error: frs-bundle-default@1.0.0 rollup: `rollup -c config/rollup.config.js`
14 verbose stack Exit status 1
14 verbose stack     at EventEmitter.<anonymous> (C:\Users\lsobol01\AppData\Roaming\npm\node_modules\npm\lib\utils\lifecycle.js:242:16)
14 verbose stack     at emitTwo (events.js:106:13)
14 verbose stack     at EventEmitter.emit (events.js:191:7)
14 verbose stack     at ChildProcess.<anonymous> (C:\Users\lsobol01\AppData\Roaming\npm\node_modules\npm\lib\utils\spawn.js:40:14)
14 verbose stack     at emitTwo (events.js:106:13)
14 verbose stack     at ChildProcess.emit (events.js:191:7)
14 verbose stack     at maybeClose (internal/child_process.js:877:16)
14 verbose stack     at Process.ChildProcess._handle.onexit (internal/child_process.js:226:5)
15 verbose pkgid frs-bundle-default@1.0.0
16 verbose cwd C:\Projects\Private\WWCH\Task1
17 error Windows_NT 6.1.7601
18 error argv "C:\\Program Files\\nodejs\\node.exe" "C:\\Users\\lsobol01\\AppData\\Roaming\\npm\\node_modules\\npm\\bin\\npm-cli.js" "run" "rollup"
19 error node v6.10.0
20 error npm  v3.10.3
21 error code ELIFECYCLE
22 error frs-bundle-default@1.0.0 rollup: `rollup -c config/rollup.config.js`
22 error Exit status 1
23 error Failed at the frs-bundle-default@1.0.0 rollup script 'rollup -c config/rollup.config.js'.
23 error Make sure you have the latest version of node.js and npm installed.
23 error If you do, this is most likely a problem with the frs-bundle-default package,
23 error not with npm itself.
23 error Tell the author that this fails on your system:
23 error     rollup -c config/rollup.config.js
23 error You can get information on how to open an issue for this project with:
23 error     npm bugs frs-bundle-default
23 error Or if that isn't available, you can get their info via:
23 error     npm owner ls frs-bundle-default
23 error There is likely additional logging output above.
24 verbose exit [ 1, true ]
